[2025-01-03 14:58:49] This is codeql execute queries -J-Xmx1800M --off-heap-ram=1490 --verbosity=progress --logdir=C:\Users\pratiksha.tiwari\Downloads\EmployeeService-main (1)\EmployeeService-main\my-database\log --evaluator-log-level=5 --warnings=show --dynamic-join-order-mode=none --qlconfig-file=C:\Users\pratiksha.tiwari\Downloads\EmployeeService-main (1)\EmployeeService-main\qlconfig.yml -- C:\Users\pratiksha.tiwari\Downloads\EmployeeService-main (1)\EmployeeService-main\my-database\db-javascript path:C:\Users\pratiksha.tiwari\Downloads\EmployeeService-main (1)\EmployeeService-main\custom-queries\unused-functions.ql
[2025-01-03 14:58:49] Calling plumbing command: codeql resolve queries --qlconfig-file=C:\Users\pratiksha.tiwari\Downloads\EmployeeService-main (1)\EmployeeService-main\qlconfig.yml --format=json -- path:C:\Users\pratiksha.tiwari\Downloads\EmployeeService-main (1)\EmployeeService-main\custom-queries\unused-functions.ql
[2025-01-03 14:58:49] [PROGRESS] resolve queries> Recording pack reference codeql/java-queries at C:\Users\pratiksha.tiwari\Downloads\EmployeeService-main (1)\EmployeeService-main\custom-queries.
[2025-01-03 14:58:49] Plumbing command codeql resolve queries completed:
                      [
                        "C:\\Users\\pratiksha.tiwari\\Downloads\\EmployeeService-main (1)\\EmployeeService-main\\custom-queries\\unused-functions.ql"
                      ]
[2025-01-03 14:58:49] Refusing fancy output: The terminal is not an xterm: 
[2025-01-03 14:58:49] Creating executor with 1 threads.
[2025-01-03 14:58:50] Calling plumbing command: codeql resolve extensions --qlconfig-file=C:\Users\pratiksha.tiwari\Downloads\EmployeeService-main (1)\EmployeeService-main\qlconfig.yml --include-extension-row-locations path:C:\Users\pratiksha.tiwari\Downloads\EmployeeService-main (1)\EmployeeService-main\custom-queries\unused-functions.ql
[2025-01-03 14:58:50] Calling plumbing command: codeql resolve queries --qlconfig-file=C:\Users\pratiksha.tiwari\Downloads\EmployeeService-main (1)\EmployeeService-main\qlconfig.yml --allow-library-packs --format startingpacks -- path:C:\Users\pratiksha.tiwari\Downloads\EmployeeService-main (1)\EmployeeService-main\custom-queries\unused-functions.ql
[2025-01-03 14:58:50] [PROGRESS] resolve queries> Recording pack reference codeql/java-queries at C:\Users\pratiksha.tiwari\Downloads\EmployeeService-main (1)\EmployeeService-main\custom-queries.
[2025-01-03 14:58:50] Plumbing command codeql resolve queries completed:
                      [
                        "C:\\Users\\pratiksha.tiwari\\Downloads\\EmployeeService-main (1)\\EmployeeService-main\\custom-queries"
                      ]
[2025-01-03 14:58:50] Calling plumbing command: codeql resolve extensions-by-pack --qlconfig-file=C:\Users\pratiksha.tiwari\Downloads\EmployeeService-main (1)\EmployeeService-main\qlconfig.yml --include-extension-row-locations -- C:\Users\pratiksha.tiwari\Downloads\EmployeeService-main (1)\EmployeeService-main\custom-queries
[2025-01-03 14:58:50] [SPAMMY] resolve extensions-by-pack> [INCOMPATIBILITY] codeql/java-queries: not <empty> [1.1.11-dev] {root: codeql/java-queries@1.1.11-dev}
[2025-01-03 14:58:50] [SPAMMY] resolve extensions-by-pack> [DERIVATION] codeql/java-queries: <empty> [1.1.11-dev] {codeql/java-queries: not <empty> [1.1.11-dev] {root: codeql/java-queries@1.1.11-dev}}
[2025-01-03 14:58:50] [SPAMMY] resolve extensions-by-pack> [INCOMPATIBILITY] codeql/java-queries: * [*], codeql/java-all: not * {dependency: codeql/java-queries@* [*] requires codeql/java-all@*}
[2025-01-03 14:58:50] [SPAMMY] resolve extensions-by-pack> [INCOMPATIBILITY] codeql/java-queries: * [*], codeql/suite-helpers: not * {dependency: codeql/java-queries@* [*] requires codeql/suite-helpers@*}
[2025-01-03 14:58:50] [SPAMMY] resolve extensions-by-pack> [INCOMPATIBILITY] codeql/java-queries: * [*], codeql/util: not * {dependency: codeql/java-queries@* [*] requires codeql/util@*}
[2025-01-03 14:58:50] [SPAMMY] resolve extensions-by-pack> [DECISION 1] codeql/java-queries: 1.1.11-dev
[2025-01-03 14:58:50] [SPAMMY] resolve extensions-by-pack> [DERIVATION] codeql/util: * {codeql/java-queries: * [*], codeql/util: not * {dependency: codeql/java-queries@* [*] requires codeql/util@*}}
[2025-01-03 14:58:50] [SPAMMY] resolve extensions-by-pack> [DERIVATION] codeql/suite-helpers: * {codeql/java-queries: * [*], codeql/suite-helpers: not * {dependency: codeql/java-queries@* [*] requires codeql/suite-helpers@*}}
[2025-01-03 14:58:50] [SPAMMY] resolve extensions-by-pack> [DERIVATION] codeql/java-all: * {codeql/java-queries: * [*], codeql/java-all: not * {dependency: codeql/java-queries@* [*] requires codeql/java-all@*}}
[2025-01-03 14:58:50] [SPAMMY] resolve extensions-by-pack> [INCOMPATIBILITY] codeql/java-all: * [*] {pack not found: codeql/java-all}
[2025-01-03 14:58:50] [SPAMMY] resolve extensions-by-pack> [CONFLICT] codeql/java-all: * [*] {pack not found: codeql/java-all}
[2025-01-03 14:58:50] [SPAMMY] resolve extensions-by-pack>   [CONSTRAINT] codeql/java-all: *
[2025-01-03 14:58:50] [SPAMMY] resolve extensions-by-pack>   [CONSTRAINT] codeql/java-queries: <empty> [1.1.11-dev]
[2025-01-03 14:58:50] [SPAMMY] resolve extensions-by-pack>   [CONSTRAINT] codeql/suite-helpers: *
[2025-01-03 14:58:50] [SPAMMY] resolve extensions-by-pack>   [CONSTRAINT] codeql/util: *
[2025-01-03 14:58:50] [SPAMMY] resolve extensions-by-pack>   [SATISFIER] derivation: codeql/java-all: *
[2025-01-03 14:58:50] [SPAMMY] resolve extensions-by-pack>   [ALMOST_SATISFIER] <none>
[2025-01-03 14:58:50] [SPAMMY] resolve extensions-by-pack> [INCOMPATIBILITY] codeql/java-queries: * [*] {conflict}
[2025-01-03 14:58:50] [SPAMMY] resolve extensions-by-pack> [FAILURE]
[2025-01-03 14:58:50] [SPAMMY] resolve extensions-by-pack>   Because 'codeql/java-queries' depends on 'codeql/java-all@*', but pack 'codeql/java-all' was not found, version solving failed.
[2025-01-03 14:58:50] [ERROR] resolve extensions-by-pack> ERROR: Referenced pack 'codeql/java-all' was not found locally, and no lock file is present for 'codeql/java-queries'. Run 'codeql pack install' to create the lock file and download the dependencies. (C:\Users\pratiksha.tiwari\Downloads\EmployeeService-main (1)\EmployeeService-main\custom-queries\qlpack.yml:1,1-1)
[2025-01-03 14:58:50] [ERROR] resolve extensions-by-pack> ERROR: No valid pack solution found:
                              Because 'codeql/java-queries' depends on 'codeql/java-all@*', but pack 'codeql/java-all' was not found, version solving failed.
                               (C:\Users\pratiksha.tiwari\Downloads\EmployeeService-main (1)\EmployeeService-main\custom-queries\qlpack.yml:1,1-1)
[2025-01-03 14:58:50] Sequence stamp origin is -6098267168682970176
[2025-01-03 14:58:50] Pausing evaluation to close the cache at sequence stamp o+0
[2025-01-03 14:58:50] The disk cache is freshly trimmed; leave it be.
[2025-01-03 14:58:50] Unpausing evaluation
[2025-01-03 14:58:50] This NaiveBuddyAllocator requested 0 eviction rounds.
[2025-01-03 14:58:50] Exception caught at top level: A 'codeql resolve extensions-by-pack' operation failed with error code 2
                      com.semmle.cli2.picocli.PlumbingRunner.call(PlumbingRunner.java:75)
                      com.semmle.cli2.picocli.SubcommandCommon.callPlumbingInProcess(SubcommandCommon.java:169)
                      com.semmle.cli2.resolve.ResolveExtensionsCommand.executeJSON(ResolveExtensionsCommand.java:62)
                      com.semmle.cli2.resolve.ResolveExtensionsCommand.executeJSON(ResolveExtensionsCommand.java:18)
                      com.semmle.cli2.picocli.SimpleJsonSubcommand.executeInsistingOnJSONWithExistingMessages(SimpleJsonSubcommand.java:121)
                      com.semmle.cli2.picocli.SubcommandCommon.withCompilationMessages(SubcommandCommon.java:443)
                      com.semmle.cli2.picocli.SimpleJsonSubcommand.executeInsistingOnJSON(SimpleJsonSubcommand.java:110)
                      com.semmle.cli2.picocli.PlumbingRunner.call(PlumbingRunner.java:61)
                      com.semmle.cli2.picocli.SubcommandCommon.callPlumbingInProcess(SubcommandCommon.java:169)
                      com.semmle.cli2.execute.ExecuteQueriesCommand.resolveExtensions(ExecuteQueriesCommand.java:847)
                      com.semmle.cli2.execute.ExecuteQueriesCommand.executeSubcommand(ExecuteQueriesCommand.java:471)
                      com.semmle.cli2.picocli.SubcommandCommon.lambda$executeSubcommandWithMessages$5(SubcommandCommon.java:893)
                      com.semmle.cli2.picocli.SubcommandCommon.withCompilationMessages(SubcommandCommon.java:443)
                      com.semmle.cli2.picocli.SubcommandCommon.executeSubcommandWithMessages(SubcommandCommon.java:891)
                      com.semmle.cli2.picocli.SubcommandCommon.toplevelMain(SubcommandCommon.java:775)
                      com.semmle.cli2.picocli.SubcommandCommon.call(SubcommandCommon.java:756)
                      com.semmle.cli2.picocli.SubcommandMaker.runMain(SubcommandMaker.java:238)
                      com.semmle.cli2.picocli.SubcommandMaker.runMain(SubcommandMaker.java:259)
                      com.semmle.cli2.CodeQL.main(CodeQL.java:115)
